Determining if the pthread_create exist failed with the following output:
Change Dir: /home/wilo/catkin_ei_ws/build/CMakeFiles/CMakeTmp

Run Build Command:"/usr/bin/make" "cmTC_bc58a/fast"
/usr/bin/make -f CMakeFiles/cmTC_bc58a.dir/build.make CMakeFiles/cmTC_bc58a.dir/build
make[1] : on entre dans le répertoire « /home/wilo/catkin_ei_ws/build/CMakeFiles/CMakeTmp »
Building C object CMakeFiles/cmTC_bc58a.dir/CheckSymbolExists.c.o
/usr/bin/cc    -o CMakeFiles/cmTC_bc58a.dir/CheckSymbolExists.c.o   -c /home/wilo/catkin_ei_ws/build/CMakeFiles/CMakeTmp/CheckSymbolExists.c
Linking C executable cmTC_bc58a
/usr/bin/cmake -E cmake_link_script CMakeFiles/cmTC_bc58a.dir/link.txt --verbose=1
/usr/bin/cc      -rdynamic CMakeFiles/cmTC_bc58a.dir/CheckSymbolExists.c.o  -o cmTC_bc58a 
CMakeFiles/cmTC_bc58a.dir/CheckSymbolExists.c.o : Dans la fonction « main » :
CheckSymbolExists.c:(.text+0x1b) : référence indéfinie vers « pthread_create »
collect2: error: ld returned 1 exit status
CMakeFiles/cmTC_bc58a.dir/build.make:97: recipe for target 'cmTC_bc58a' failed
make[1]: *** [cmTC_bc58a] Error 1
make[1] : on quitte le répertoire « /home/wilo/catkin_ei_ws/build/CMakeFiles/CMakeTmp »
Makefile:126: recipe for target 'cmTC_bc58a/fast' failed
make: *** [cmTC_bc58a/fast] Error 2

File /home/wilo/catkin_ei_ws/build/CMakeFiles/CMakeTmp/CheckSymbolExists.c:
/* */
#include <pthread.h>

int main(int argc, char** argv)
{
  (void)argv;
#ifndef pthread_create
  return ((int*)(&pthread_create))[argc];
#else
  (void)argc;
  return 0;
#endif
}

Determining if the function pthread_create exists in the pthreads failed with the following output:
Change Dir: /home/wilo/catkin_ei_ws/build/CMakeFiles/CMakeTmp

Run Build Command:"/usr/bin/make" "cmTC_fd624/fast"
/usr/bin/make -f CMakeFiles/cmTC_fd624.dir/build.make CMakeFiles/cmTC_fd624.dir/build
make[1] : on entre dans le répertoire « /home/wilo/catkin_ei_ws/build/CMakeFiles/CMakeTmp »
Building C object CMakeFiles/cmTC_fd624.dir/CheckFunctionExists.c.o
/usr/bin/cc   -DCHECK_FUNCTION_EXISTS=pthread_create   -o CMakeFiles/cmTC_fd624.dir/CheckFunctionExists.c.o   -c /usr/share/cmake-3.10/Modules/CheckFunctionExists.c
Linking C executable cmTC_fd624
/usr/bin/cmake -E cmake_link_script CMakeFiles/cmTC_fd624.dir/link.txt --verbose=1
/usr/bin/cc  -DCHECK_FUNCTION_EXISTS=pthread_create    -rdynamic CMakeFiles/cmTC_fd624.dir/CheckFunctionExists.c.o  -o cmTC_fd624 -lpthreads 
/usr/bin/ld : ne peut trouver -lpthreads
collect2: error: ld returned 1 exit status
CMakeFiles/cmTC_fd624.dir/build.make:97: recipe for target 'cmTC_fd624' failed
make[1]: *** [cmTC_fd624] Error 1
make[1] : on quitte le répertoire « /home/wilo/catkin_ei_ws/build/CMakeFiles/CMakeTmp »
Makefile:126: recipe for target 'cmTC_fd624/fast' failed
make: *** [cmTC_fd624/fast] Error 2


